<?xml version="1.0" encoding="UTF-8"?>
<!-- Generated by org.testng.reporters.JUnitReportReporter -->
<testsuite hostname="ABHISHEK" failures="0" tests="1" name="com.openCart.testCases.TC002_LoginTest" time="1.170" errors="0" timestamp="2025-04-02T22:07:36 IST" skipped="0">
  <testcase classname="com.openCart.testCases.TC002_LoginTest" name="verify_login" time="1.170"/>
</testsuite> <!-- com.openCart.testCases.TC002_LoginTest -->
