<?xml version="1.0" encoding="UTF-8"?>
<!-- Generated by org.testng.reporters.JUnitReportReporter -->
<testsuite hostname="ABHISHEK" failures="0" tests="3" name="com.openCart.testCases.TC001_AccountRegistrationTest" time="7.005" errors="0" timestamp="2025-04-02T17:20:59 IST" skipped="0">
  <testcase classname="com.openCart.testCases.TC001_AccountRegistrationTest" name="verify_account_Registration" time="2.994"/>
  <testcase classname="com.openCart.testCases.TC001_AccountRegistrationTest" name="verify_account_Registration" time="2.060"/>
  <testcase classname="com.openCart.testCases.TC001_AccountRegistrationTest" name="verify_account_Registration" time="1.951"/>
</testsuite> <!-- com.openCart.testCases.TC001_AccountRegistrationTest -->
